#
# A fatal error has been detected by the Java Runtime Environment:
#
#  Internal Error (javaClasses.cpp:126), pid=5520, tid=5108
#  fatal error: Invalid layout of preloaded class
#
# JRE version:  (8.0_31-b13) (build )
# Java VM: Java HotSpot(TM) Client VM (25.31-b07 mixed mode windows-x86 )
# Failed to write core dump. Minidumps are not enabled by default on client versions of Windows
#
# If you would like to submit a bug report, please visit:
#   http://bugreport.java.com/bugreport/crash.jsp
#

---------------  T H R E A D  ---------------

Current thread (0x003fcc00):  JavaThread "Unknown thread" [_thread_in_vm, id=5108, stack(0x00f10000,0x00f60000)]

Stack: [0x00f10000,0x00f60000],  sp=0x00f5f848,  free space=318k
Native frames: (J=compiled Java code, j=interpreted, Vv=VM code, C=native code)
V  [jvm.dll+0x197b8b]
V  [jvm.dll+0x1909e6]
V  [jvm.dll+0x3b409]
V  [jvm.dll+0x3b5be]
V  [jvm.dll+0x49f63]
V  [jvm.dll+0x9dd9e]
V  [jvm.dll+0x9e062]
V  [jvm.dll+0x145c31]
V  [jvm.dll+0x169cb8]
V  [jvm.dll+0xdb171]
C  [javaw.exe+0x13e4]
C  [javaw.exe+0x1eb7]
C  [javaw.exe+0xaba1]
C  [javaw.exe+0xac2b]
C  [kernel32.dll+0x1338a]
C  [ntdll.dll+0x39f72]
C  [ntdll.dll+0x39f45]
C  0x00000000


---------------  P R O C E S S  ---------------

Java Threads: ( => current thread )

Other Threads:

=>0x003fcc00 (exited) JavaThread "Unknown thread" [_thread_in_vm, id=5108, stack(0x00f10000,0x00f60000)]

VM state:not at safepoint (not fully initialized)

VM Mutex/Monitor currently owned by a thread: None

GC Heap History (0 events):
No events

Deoptimization events (0 events):
No events

Internal exceptions (0 events):
No events

Events (10 events):
Event: 0.008 loading class java/lang/Object
Event: 0.009 loading class java/lang/Object done
Event: 0.009 loading class java/lang/String
Event: 0.009 loading class java/lang/CharSequence
Event: 0.009 loading class java/lang/CharSequence done
Event: 0.009 loading class java/lang/Comparable
Event: 0.009 loading class java/lang/Comparable done
Event: 0.009 loading class java/lang/String done
Event: 0.009 loading class java/lang/Class
Event: 0.009 loading class java/lang/Class done


Dynamic libraries:
0x01070000 - 0x010a0000 	C:\Program Files (x86)\Java\jre1.8.0_31\bin\javaw.exe
0x77670000 - 0x777f0000 	C:\Windows\SysWOW64\ntdll.dll
0x76fa0000 - 0x770b0000 	C:\Windows\syswow64\kernel32.dll
0x75280000 - 0x752c7000 	C:\Windows\syswow64\KERNELBASE.dll
0x76ee0000 - 0x76f80000 	C:\Windows\syswow64\ADVAPI32.dll
0x75390000 - 0x7543c000 	C:\Windows\syswow64\msvcrt.dll
0x75060000 - 0x75079000 	C:\Windows\SysWOW64\sechost.dll
0x75cd0000 - 0x75dc0000 	C:\Windows\syswow64\RPCRT4.dll
0x75000000 - 0x75060000 	C:\Windows\syswow64\SspiCli.dll
0x74ff0000 - 0x74ffc000 	C:\Windows\syswow64\CRYPTBASE.dll
0x75ad0000 - 0x75bd0000 	C:\Windows\syswow64\USER32.dll
0x75610000 - 0x756a0000 	C:\Windows\syswow64\GDI32.dll
0x75e70000 - 0x75e7a000 	C:\Windows\syswow64\LPK.dll
0x75dc0000 - 0x75e5d000 	C:\Windows\syswow64\USP10.dll
0x6f340000 - 0x6f4de000 	C:\Windows\WinSxS\x86_microsoft.windows.common-controls_6595b64144ccf1df_6.0.7601.17514_none_41e6975e2bd6f2b2\COMCTL32.dll
0x75330000 - 0x75387000 	C:\Windows\syswow64\SHLWAPI.dll
0x77200000 - 0x77260000 	C:\Windows\system32\IMM32.DLL
0x75c00000 - 0x75ccc000 	C:\Windows\syswow64\MSCTF.dll
0x5a110000 - 0x5a1cf000 	C:\Program Files (x86)\Java\jre1.8.0_31\bin\msvcr100.dll
0x5a2d0000 - 0x5a674000 	C:\Program Files (x86)\Java\jre1.8.0_31\bin\client\jvm.dll
0x6f750000 - 0x6f757000 	C:\Windows\system32\WSOCK32.dll
0x75e80000 - 0x75eb5000 	C:\Windows\syswow64\WS2_32.dll
0x755d0000 - 0x755d6000 	C:\Windows\syswow64\NSI.dll
0x6f0c0000 - 0x6f0f2000 	C:\Windows\system32\WINMM.dll
0x76ba0000 - 0x76ba5000 	C:\Windows\syswow64\PSAPI.DLL
0x61150000 - 0x6115c000 	C:\Program Files (x86)\Java\jre1.8.0_31\bin\verify.dll
0x5a2a0000 - 0x5a2c1000 	C:\Program Files (x86)\Java\jre1.8.0_31\bin\java.dll
0x5a280000 - 0x5a293000 	C:\Program Files (x86)\Java\jre1.8.0_31\bin\zip.dll
0x68510000 - 0x685fb000 	C:\Windows\system32\dbghelp.dll

VM Arguments:
jvm_args: -Dfile.encoding=Cp1252 -Xbootclasspath/p:C:\Program Files (x86)\leJOS NXJ\lib\nxt\classes.jar;C:\Program Files (x86)\leJOS NXJ\lib\pc\3rdparty\bcel.jar;C:\Program Files (x86)\leJOS NXJ\lib\pc\3rdparty\bluecove-gpl.jar;C:\Program Files (x86)\leJOS NXJ\lib\pc\3rdparty\bluecove.jar;C:\Program Files (x86)\leJOS NXJ\lib\pc\3rdparty\commons-cli.jar;C:\Program Files (x86)\leJOS NXJ\lib\pc\3rdparty\jcommon.jar;C:\Program Files (x86)\leJOS NXJ\lib\pc\3rdparty\jfreechart.jar;C:\Program Files (x86)\leJOS NXJ\lib\pc\3rdparty\stax-api-1.0.1.jar;C:\Program Files (x86)\leJOS NXJ\lib\pc\charting.jar;C:\Program Files (x86)\leJOS NXJ\lib\pc\jtools.jar;C:\Program Files (x86)\leJOS NXJ\lib\pc\pccomm.jar;C:\Program Files (x86)\leJOS NXJ\lib\pc\pctools.jar 
java_command: part1.GridMapViewer
java_class_path (initial): D:\1_Universities\Birmingham\Eclipse_x86\Exercise4\bin;D:\1_Universities\Birmingham\Eclipse_x86\rp14-exercise4\bin;D:\1_Universities\Birmingham\Eclipse_x86\rp14-exercise4\lib\rp14-solutions.jar;C:\Users\Tanya\Downloads\mockito-all-1.9.5.jar;D:\programs\eclipse-java-luna-SR2-win32\eclipse\plugins\org.testng.eclipse_6.8.6.20141201_2240\lib\testng.jar
Launcher Type: SUN_STANDARD

Environment Variables:
PATH=C:/Program Files (x86)/Java/jre1.8.0_31/bin/client;C:/Program Files (x86)/Java/jre1.8.0_31/bin;C:/Program Files (x86)/Java/jre1.8.0_31/lib/i386;C:\ProgramData\Oracle\Java\javapath;c:\Program Files (x86)\AMD APP\bin\x86_64;c:\Program Files (x86)\AMD APP\bin\x86;C:\Windows\system32;C:\Windows;C:\Windows\System32\Wbem;C:\Windows\System32\WindowsPowerShell\v1.0\;c:\Program Files (x86)\ATI Technologies\ATI.ACE\Core-Static;C:\Program Files (x86)\Windows Kits\8.1\Windows Performance Toolkit\;C:\Program Files\Microsoft SQL Server\110\Tools\Binn\;C:\Program Files (x86)\Microsoft SDKs\TypeScript\1.0\;C:\Program Files\Microsoft SQL Server\120\Tools\Binn\;C:\Program Files (x86)\IVI Foundation\VISA\WinNT\Bin;C:\Program Files (x86)\leJOS NXJ\bin;C:\Program Files\Java\jdk1.8.0_31\bin;;D:\programs\eclipse-java-luna-SR2-win32\eclipse;
USERNAME=Tanya
OS=Windows_NT
PROCESSOR_IDENTIFIER=Intel64 Family 6 Model 42 Stepping 7, GenuineIntel



---------------  S Y S T E M  ---------------

OS: Windows 7 , 64 bit Build 7601 Service Pack 1

CPU:total 4 (2 cores per cpu, 2 threads per core) family 6 model 42 stepping 7, cmov, cx8, fxsr, mmx, sse, sse2, sse3, ssse3, sse4.1, sse4.2, popcnt, avx, aes, clmul, ht, tsc, tscinvbit

Memory: 4k page, physical 4127084k(1082240k free), swap 8252312k(4337992k free)

vm_info: Java HotSpot(TM) Client VM (25.31-b07) for windows-x86 JRE (1.8.0_31-b13), built on Dec 17 2014 20:46:12 by "java_re" with MS VC++ 10.0 (VS2010)

time: Tue Mar 10 16:34:02 2015
elapsed time: 0 seconds (0d 0h 0m 0s)

