#
# A fatal error has been detected by the Java Runtime Environment:
#
#  Internal Error (javaClasses.cpp:126), pid=4140, tid=7992
#  fatal error: Invalid layout of preloaded class
#
# JRE version:  (8.0_20-b26) (build )
# Java VM: Java HotSpot(TM) Client VM (25.20-b23 mixed mode windows-x86 )
# Failed to write core dump. Minidumps are not enabled by default on client versions of Windows
#
# If you would like to submit a bug report, please visit:
#   http://bugreport.sun.com/bugreport/crash.jsp
#

---------------  T H R E A D  ---------------

Current thread (0x0225bc00):  JavaThread "Unknown thread" [_thread_in_vm, id=7992, stack(0x01320000,0x01370000)]

Stack: [0x01320000,0x01370000],  sp=0x0136f620,  free space=317k
Native frames: (J=compiled Java code, j=interpreted, Vv=VM code, C=native code)
V  [jvm.dll+0x196ccb]
V  [jvm.dll+0x18fc56]
V  [jvm.dll+0x3b52a]
V  [jvm.dll+0x3b6e0]
V  [jvm.dll+0x4a2a3]
V  [jvm.dll+0x9d44e]
V  [jvm.dll+0x9d712]
V  [jvm.dll+0x144f11]
V  [jvm.dll+0x168e48]
V  [jvm.dll+0xda6d1]
C  [javaw.exe+0x13e4]
C  [javaw.exe+0x1eb7]
C  [javaw.exe+0xaba1]
C  [javaw.exe+0xac2b]
C  [KERNEL32.DLL+0x17ad]
C  [ntdll.dll+0x561bb]
C  [ntdll.dll+0x56189]
C  0x00000000


---------------  P R O C E S S  ---------------

Java Threads: ( => current thread )

Other Threads:

=>0x0225bc00 (exited) JavaThread "Unknown thread" [_thread_in_vm, id=7992, stack(0x01320000,0x01370000)]

VM state:not at safepoint (not fully initialized)

VM Mutex/Monitor currently owned by a thread: None

GC Heap History (0 events):
No events

Deoptimization events (0 events):
No events

Internal exceptions (0 events):
No events

Events (10 events):
Event: 0.012 loading class java/lang/Object
Event: 0.013 loading class java/lang/Object done
Event: 0.013 loading class java/lang/String
Event: 0.014 loading class java/lang/CharSequence
Event: 0.014 loading class java/lang/CharSequence done
Event: 0.014 loading class java/lang/Comparable
Event: 0.014 loading class java/lang/Comparable done
Event: 0.014 loading class java/lang/String done
Event: 0.014 loading class java/lang/Class
Event: 0.014 loading class java/lang/Class done


Dynamic libraries:
0x011c0000 - 0x011f0000 	C:\Program Files\Java\jre1.8.0_20\bin\javaw.exe
0x77c60000 - 0x77dc9000 	C:\Windows\SYSTEM32\ntdll.dll
0x77200000 - 0x772f9000 	C:\Windows\system32\KERNEL32.DLL
0x759a0000 - 0x75a72000 	C:\Windows\system32\KERNELBASE.dll
0x74620000 - 0x746b9000 	C:\Windows\system32\apphelp.dll
0x68ad0000 - 0x68d29000 	C:\Windows\AppPatch\AcGenral.DLL
0x77b10000 - 0x77bce000 	C:\Windows\system32\msvcrt.dll
0x75b20000 - 0x75b5e000 	C:\Windows\SYSTEM32\sechost.dll
0x75500000 - 0x75522000 	C:\Windows\SYSTEM32\SspiCli.dll
0x77660000 - 0x776a1000 	C:\Windows\system32\SHLWAPI.dll
0x74710000 - 0x747f1000 	C:\Windows\SYSTEM32\UxTheme.dll
0x77300000 - 0x7744b000 	C:\Windows\system32\USER32.dll
0x770f0000 - 0x771f9000 	C:\Windows\system32\GDI32.dll
0x6da50000 - 0x6da70000 	C:\Windows\SYSTEM32\WINMM.dll
0x71a90000 - 0x71aa2000 	C:\Windows\SYSTEM32\samcli.dll
0x77450000 - 0x7755c000 	C:\Windows\system32\ole32.dll
0x77980000 - 0x77a15000 	C:\Windows\system32\OLEAUT32.dll
0x73900000 - 0x73915000 	C:\Windows\SYSTEM32\MSACM32.dll
0x734e0000 - 0x734e8000 	C:\Windows\SYSTEM32\VERSION.dll
0x75d10000 - 0x76ec7000 	C:\Windows\system32\SHELL32.dll
0x74e90000 - 0x74ea9000 	C:\Windows\SYSTEM32\USERENV.dll
0x743a0000 - 0x743b8000 	C:\Windows\SYSTEM32\dwmapi.dll
0x6f930000 - 0x6fa7a000 	C:\Windows\SYSTEM32\urlmon.dll
0x75a80000 - 0x75af8000 	C:\Windows\system32\ADVAPI32.dll
0x71c90000 - 0x71cee000 	C:\Windows\SYSTEM32\WINSPOOL.DRV
0x6e1b0000 - 0x6e1c4000 	C:\Windows\SYSTEM32\MPR.dll
0x77a40000 - 0x77b04000 	C:\Windows\system32\RPCRT4.dll
0x76fa0000 - 0x770ee000 	C:\Windows\SYSTEM32\combase.dll
0x6da30000 - 0x6da50000 	C:\Windows\SYSTEM32\WINMMBASE.dll
0x75680000 - 0x7568e000 	C:\Windows\SYSTEM32\profapi.dll
0x6f6c0000 - 0x6f8f2000 	C:\Windows\SYSTEM32\iertutil.dll
0x6f4e0000 - 0x6f6b5000 	C:\Windows\SYSTEM32\WININET.dll
0x75700000 - 0x7573a000 	C:\Windows\SYSTEM32\cfgmgr32.dll
0x74840000 - 0x7485f000 	C:\Windows\SYSTEM32\DEVOBJ.dll
0x77800000 - 0x77876000 	C:\Windows\system32\SHCORE.DLL
0x77c30000 - 0x77c55000 	C:\Windows\system32\IMM32.DLL
0x77880000 - 0x77977000 	C:\Windows\system32\MSCTF.dll
0x736d0000 - 0x738b6000 	C:\Windows\WinSxS\x86_microsoft.windows.common-controls_6595b64144ccf1df_6.0.9600.17031_none_a9efdb8b01377ea7\COMCTL32.dll
0x72ba0000 - 0x72c5f000 	C:\Program Files\Java\jre1.8.0_20\bin\msvcr100.dll
0x5f6d0000 - 0x5fa72000 	C:\Program Files\Java\jre1.8.0_20\bin\client\jvm.dll
0x6ed00000 - 0x6ed08000 	C:\Windows\SYSTEM32\WSOCK32.dll
0x75b00000 - 0x75b06000 	C:\Windows\system32\PSAPI.DLL
0x76ed0000 - 0x76f1d000 	C:\Windows\system32\WS2_32.dll
0x77650000 - 0x77657000 	C:\Windows\system32\NSI.dll
0x6aa00000 - 0x6aa0c000 	C:\Program Files\Java\jre1.8.0_20\bin\verify.dll
0x6a9d0000 - 0x6a9f1000 	C:\Program Files\Java\jre1.8.0_20\bin\java.dll
0x6a9b0000 - 0x6a9c3000 	C:\Program Files\Java\jre1.8.0_20\bin\zip.dll
0x52c60000 - 0x52da8000 	C:\Windows\SYSTEM32\dbghelp.dll

VM Arguments:
jvm_args: -Dfile.encoding=Cp1251 -Xbootclasspath/p:C:\Program Files\leJOS NXJ\lib\nxt\classes.jar 
java_command: GridMapViewer
java_class_path (initial): D:\Eclipse\Exercise4\bin;D:\Eclipse\rp14-exercise4\bin;D:\Eclipse\rp14-exercise4\lib\rp14-solutions.jar;C:\Anya\eclipse\plugins\org.testng.eclipse_6.8.6.20141201_2240\lib\testng.jar
Launcher Type: SUN_STANDARD

Environment Variables:
PATH=C:/Program Files/Java/jre1.8.0_20/bin/client;C:/Program Files/Java/jre1.8.0_20/bin;C:/Program Files/Java/jre1.8.0_20/lib/i386;C:\ProgramData\Oracle\Java\javapath;C:\Program Files\Intel\iCLS Client\;C:\Windows\system32;C:\Windows;C:\Windows\System32\Wbem;C:\Windows\System32\WindowsPowerShell\v1.0\;C:\Program Files\Intel\Intel(R) Management Engine Components\DAL;C:\Program Files\Intel\Intel(R) Management Engine Components\IPT;C:\Program Files\ATI Technologies\ATI.ACE\Core-Static;C:\Program Files\Git\cmd;C:\Program Files\IVI Foundation\VISA\WinNT\Bin;C:\Program Files\leJOS NXJ\bin;C:\BC45\BIN;C:\Program Files\SSH Communications Security\SSH Secure Shell;C:\Anya\eclipse;
USERNAME=hp 450
OS=Windows_NT
PROCESSOR_IDENTIFIER=x86 Family 6 Model 58 Stepping 9, GenuineIntel



---------------  S Y S T E M  ---------------

OS: Windows 8.1 Build 9600 

CPU:total 8 (4 cores per cpu, 2 threads per core) family 6 model 58 stepping 9, cmov, cx8, fxsr, mmx, sse, sse2, sse3, ssse3, sse4.1, sse4.2, popcnt, avx, aes, clmul, erms, ht, tsc, tscinvbit, tscinv

Memory: 4k page, physical 2730556k(1644744k free), swap 4500028k(2905428k free)

vm_info: Java HotSpot(TM) Client VM (25.20-b23) for windows-x86 JRE (1.8.0_20-b26), built on Jul 30 2014 18:14:41 by "java_re" with MS VC++ 10.0 (VS2010)

time: Tue Mar 10 10:42:25 2015
elapsed time: 0 seconds (0d 0h 0m 0s)

